<?xml version="1.0" encoding="UTF-8"?>
<!-- Generated by org.testng.reporters.JUnitXMLReporter -->
<testsuite hostname="asda1712po02529" ignored="0" name="Command line test" tests="11" failures="0" timestamp="14 Jul 2017 10:56:48 GMT" time="3.674" errors="0">
  <testcase name="check_board_creation" time="0.255" classname="web_service_test.assignment_snl_services.BoardTest"/>
  <testcase name="player_add_check" time="0.347" classname="web_service_test.assignment_snl_services.BoardTest"/>
  <testcase name="board_details" time="0.064" classname="web_service_test.assignment_snl_services.BoardTest"/>
  <testcase name="board_invalid_details" time="0.051" classname="web_service_test.assignment_snl_services.BoardTest"/>
  <testcase name="check_inavlid_player_details" time="0.156" classname="web_service_test.assignment_snl_services.BoardTest"/>
  <testcase name="check_player_details" time="0.049" classname="web_service_test.assignment_snl_services.BoardTest"/>
  <testcase name="update_player" time="0.042" classname="web_service_test.assignment_snl_services.BoardTest"/>
  <testcase name="check_roll_dice" time="2.368" classname="web_service_test.assignment_snl_services.BoardTest"/>
  <testcase name="delete_player" time="0.051" classname="web_service_test.assignment_snl_services.BoardTest"/>
  <testcase name="add_player_while_game_is_on" time="0.054" classname="web_service_test.assignment_snl_services.BoardTest"/>
  <testcase name="deleteboard" time="0.202" classname="web_service_test.assignment_snl_services.BoardTest"/>
</testsuite> <!-- Command line test -->
