<?xml version="1.0" encoding="UTF-8"?>
<!-- Generated by org.testng.reporters.JUnitXMLReporter -->
<testsuite hostname="asda1712po02529" ignored="0" name="Command line test" tests="11" failures="0" timestamp="19 Jul 2017 10:47:21 GMT" time="2.548" errors="0">
  <testcase name="check_board_creation" time="0.153" classname="web_service_test.assignment_snl_services.BoardTest"/>
  <testcase name="player_add_check" time="0.223" classname="web_service_test.assignment_snl_services.BoardTest"/>
  <testcase name="board_details" time="0.043" classname="web_service_test.assignment_snl_services.BoardTest"/>
  <testcase name="board_invalid_details" time="0.062" classname="web_service_test.assignment_snl_services.BoardTest"/>
  <testcase name="check_inavlid_player_details" time="0.203" classname="web_service_test.assignment_snl_services.BoardTest"/>
  <testcase name="check_player_details" time="0.035" classname="web_service_test.assignment_snl_services.BoardTest"/>
  <testcase name="update_player" time="0.049" classname="web_service_test.assignment_snl_services.BoardTest"/>
  <testcase name="check_roll_dice" time="1.586" classname="web_service_test.assignment_snl_services.BoardTest"/>
  <testcase name="delete_player" time="0.041" classname="web_service_test.assignment_snl_services.BoardTest"/>
  <testcase name="add_player_while_game_is_on" time="0.04" classname="web_service_test.assignment_snl_services.BoardTest"/>
  <testcase name="deleteboard" time="0.085" classname="web_service_test.assignment_snl_services.BoardTest"/>
</testsuite> <!-- Command line test -->
