<?xml version="1.0" encoding="UTF-8"?>
<!-- Generated by org.testng.reporters.JUnitXMLReporter -->
<testsuite hostname="ASDP1746PO02529" name="Command line test" tests="8" failures="0" timestamp="18 Jul 2017 05:14:45 GMT" time="4.407" errors="0">
  <testcase name="test_List_Of_Boards" time="1.593" classname="com.mycompany.testsnl.testing_SNLWebService"/>
  <testcase name="test_New_Board_Creation" time="0.07" classname="com.mycompany.testsnl.testing_SNLWebService"/>
  <testcase name="test_Board_Is_Creating" time="0.153" classname="com.mycompany.testsnl.testing_SNLWebService"/>
  <testcase name="test_Board_Is_Deleting" time="0.283" classname="com.mycompany.testsnl.testing_SNLWebService"/>
  <testcase name="test_Board_Is_Resetting" time="0.227" classname="com.mycompany.testsnl.testing_SNLWebService"/>
  <testcase name="test_add_new_player" time="0.986" classname="com.mycompany.testsnl.testing_SNLWebService"/>
  <testcase name="test_delete_player" time="0.443" classname="com.mycompany.testsnl.testing_SNLWebService"/>
  <testcase name="test_player_moves" time="0.27" classname="com.mycompany.testsnl.testing_SNLWebService"/>
</testsuite> <!-- Command line test -->
