<?xml version="1.0" encoding="UTF-8"?>
<!-- Generated by org.testng.reporters.JUnitXMLReporter -->
<testsuite hostname="ASDP1728PO02529" name="Default test" tests="14" failures="0" timestamp="13 Jul 2017 06:31:57 GMT" time="9.72" errors="0">
  <testcase name="checking_basic_Authentication" time="1.237" classname="com.training.Version2Test"/>
  <testcase name="testing_board_status" time="1.791" classname="com.training.Version2Test"/>
  <testcase name="testing_player_Status" time="0.69" classname="com.training.Version2Test"/>
  <testcase name="testing_roll_dice_movement_status" time="0.254" classname="com.training.Version2Test"/>
  <testcase name="z_deleting_board_and_players" time="0.519" classname="com.training.Version2Test"/>
  <testcase name="checking_basic_Authentication" time="0.808" classname="com.training.OauthTest"/>
  <testcase name="testing_board_status" time="1.692" classname="com.training.OauthTest"/>
  <testcase name="testing_player_Status" time="0.187" classname="com.training.OauthTest"/>
  <testcase name="testing_roll_dice_movement_status" time="0.067" classname="com.training.OauthTest"/>
  <testcase name="z_deleting_board_and_players" time="0.196" classname="com.training.OauthTest"/>
  <testcase name="testing_1_board_status" time="0.925" classname="com.training.SnakeandLadderVersion1Test"/>
  <testcase name="testing_2_player_Status" time="0.407" classname="com.training.SnakeandLadderVersion1Test"/>
  <testcase name="testing_3_roll_dice_movement_status" time="0.105" classname="com.training.SnakeandLadderVersion1Test"/>
  <testcase name="z_deleting_board_and_players" time="0.244" classname="com.training.SnakeandLadderVersion1Test"/>
</testsuite> <!-- Default test -->
