<?xml version="1.0" encoding="UTF-8"?>
<!-- Generated by org.testng.reporters.JUnitXMLReporter -->
<testsuite hostname="asda1712po02529" ignored="2" name="Default test" tests="5" failures="0" timestamp="13 Jul 2017 05:54:47 GMT" time="0.671" errors="0">
  <testcase name="check_board_creation" time="0.152" classname="web_service_test.assignment_snl_services.NewTest"/>
  <testcase name="player_add_check" time="0.331" classname="web_service_test.assignment_snl_services.NewTest"/>
  <testcase name="check_player_details" time="0.046" classname="web_service_test.assignment_snl_services.NewTest"/>
  <testcase name="update_player" time="0.036" classname="web_service_test.assignment_snl_services.NewTest"/>
  <testcase name="deleteboard" time="0.079" classname="web_service_test.assignment_snl_services.NewTest"/>
  <testcase name="init" time="0.0" classname="web_service_test.assignment_snl_services.NewTest">
    <ignored/>
  </testcase> <!-- init -->
  <testcase name="delete_player" time="0.0" classname="web_service_test.assignment_snl_services.NewTest">
    <ignored/>
  </testcase> <!-- delete_player -->
</testsuite> <!-- Default test -->
