<?xml version="1.0" encoding="UTF-8"?>
<!-- Generated by org.testng.reporters.JUnitXMLReporter -->
<testsuite hostname="ASDP1746PO02529" name="Command line test" tests="8" failures="0" timestamp="18 Jul 2017 10:12:05 GMT" time="5.413" errors="0">
  <testcase name="test_List_Of_Boards" time="1.054" classname="com.mycompany.testsnl.testing_SNLWebService_v3"/>
  <testcase name="test_New_Board_Creation" time="0.078" classname="com.mycompany.testsnl.testing_SNLWebService_v3"/>
  <testcase name="test_Board_Is_Creating" time="0.156" classname="com.mycompany.testsnl.testing_SNLWebService_v3"/>
  <testcase name="test_Board_Is_Deleting" time="0.281" classname="com.mycompany.testsnl.testing_SNLWebService_v3"/>
  <testcase name="test_Board_Is_Resetting" time="0.204" classname="com.mycompany.testsnl.testing_SNLWebService_v3"/>
  <testcase name="test_add_new_player" time="0.531" classname="com.mycompany.testsnl.testing_SNLWebService_v3"/>
  <testcase name="test_delete_player" time="0.422" classname="com.mycompany.testsnl.testing_SNLWebService_v3"/>
  <testcase name="test_player_moves" time="0.328" classname="com.mycompany.testsnl.testing_SNLWebService_v3"/>
</testsuite> <!-- Command line test -->
