<?xml version="1.0" encoding="UTF-8"?>
<testng-results skipped="0" failed="0" ignored="0" total="9" passed="9">
  <reporter-output>
  </reporter-output>
  <suite name="Command line suite" duration-ms="2564" started-at="2017-07-13T09:17:01Z" finished-at="2017-07-13T09:17:03Z">
    <groups>
    </groups>
    <test name="Command line test" duration-ms="2564" started-at="2017-07-13T09:17:01Z" finished-at="2017-07-13T09:17:03Z">
      <class name="web_service_test.assignment_snl_services.NewTest">
        <test-method status="PASS" signature="check_board_creation()[pri:0, instance:web_service_test.assignment_snl_services.NewTest@13969fbe]" name="check_board_creation" duration-ms="157" started-at="2017-07-13T14:47:01Z" finished-at="2017-07-13T14:47:01Z">
          <reporter-output>
          </reporter-output>
        </test-method> <!-- check_board_creation -->
        <test-method status="PASS" signature="init()[pri:0, instance:web_service_test.assignment_snl_services.NewTest@13969fbe]" name="init" duration-ms="0" started-at="2017-07-13T14:47:01Z" finished-at="2017-07-13T14:47:01Z">
          <reporter-output>
          </reporter-output>
        </test-method> <!-- init -->
        <test-method status="PASS" signature="player_add_check()[pri:0, instance:web_service_test.assignment_snl_services.NewTest@13969fbe]" name="player_add_check" duration-ms="281" started-at="2017-07-13T14:47:01Z" depends-on-methods="web_service_test.assignment_snl_services.NewTest.check_board_creation" finished-at="2017-07-13T14:47:01Z">
          <reporter-output>
          </reporter-output>
        </test-method> <!-- player_add_check -->
        <test-method status="PASS" signature="check_player_details()[pri:0, instance:web_service_test.assignment_snl_services.NewTest@13969fbe]" name="check_player_details" duration-ms="33" started-at="2017-07-13T14:47:01Z" depends-on-methods="web_service_test.assignment_snl_services.NewTest.player_add_check" finished-at="2017-07-13T14:47:01Z">
          <reporter-output>
          </reporter-output>
        </test-method> <!-- check_player_details -->
        <test-method status="PASS" signature="update_player()[pri:0, instance:web_service_test.assignment_snl_services.NewTest@13969fbe]" name="update_player" duration-ms="41" started-at="2017-07-13T14:47:01Z" depends-on-methods="web_service_test.assignment_snl_services.NewTest.check_player_details" finished-at="2017-07-13T14:47:01Z">
          <reporter-output>
          </reporter-output>
        </test-method> <!-- update_player -->
        <test-method status="PASS" signature="check_roll_dice()[pri:0, instance:web_service_test.assignment_snl_services.NewTest@13969fbe]" name="check_roll_dice" duration-ms="1873" started-at="2017-07-13T14:47:01Z" depends-on-methods="web_service_test.assignment_snl_services.NewTest.update_player" finished-at="2017-07-13T14:47:03Z">
          <reporter-output>
          </reporter-output>
        </test-method> <!-- check_roll_dice -->
        <test-method status="PASS" signature="delete_player()[pri:0, instance:web_service_test.assignment_snl_services.NewTest@13969fbe]" name="delete_player" duration-ms="39" started-at="2017-07-13T14:47:03Z" depends-on-methods="web_service_test.assignment_snl_services.NewTest.check_roll_dice" finished-at="2017-07-13T14:47:03Z">
          <reporter-output>
          </reporter-output>
        </test-method> <!-- delete_player -->
        <test-method status="PASS" signature="add_player_while_game_is_on()[pri:0, instance:web_service_test.assignment_snl_services.NewTest@13969fbe]" name="add_player_while_game_is_on" duration-ms="63" started-at="2017-07-13T14:47:03Z" depends-on-methods="web_service_test.assignment_snl_services.NewTest.delete_player" finished-at="2017-07-13T14:47:03Z">
          <reporter-output>
          </reporter-output>
        </test-method> <!-- add_player_while_game_is_on -->
        <test-method status="PASS" signature="deleteboard()[pri:0, instance:web_service_test.assignment_snl_services.NewTest@13969fbe]" name="deleteboard" duration-ms="53" started-at="2017-07-13T14:47:03Z" depends-on-methods="web_service_test.assignment_snl_services.NewTest.add_player_while_game_is_on" finished-at="2017-07-13T14:47:03Z">
          <reporter-output>
          </reporter-output>
        </test-method> <!-- deleteboard -->
      </class> <!-- web_service_test.assignment_snl_services.NewTest -->
    </test> <!-- Command line test -->
  </suite> <!-- Command line suite -->
</testng-results>
