<?xml version="1.0" encoding="UTF-8"?>
<!-- Generated by org.testng.reporters.JUnitXMLReporter -->
<testsuite hostname="ASDP1746PO02529" name="Command line test" tests="8" failures="0" timestamp="18 Jul 2017 05:50:58 GMT" time="4.958" errors="0">
  <testcase name="test_List_Of_Boards" time="1.671" classname="com.mycompany.testsnl.testing_SNLWebService_v2"/>
  <testcase name="test_New_Board_Creation" time="0.093" classname="com.mycompany.testsnl.testing_SNLWebService_v2"/>
  <testcase name="test_Board_Is_Creating" time="0.203" classname="com.mycompany.testsnl.testing_SNLWebService_v2"/>
  <testcase name="test_Board_Is_Deleting" time="0.282" classname="com.mycompany.testsnl.testing_SNLWebService_v2"/>
  <testcase name="test_Board_Is_Resetting" time="0.297" classname="com.mycompany.testsnl.testing_SNLWebService_v2"/>
  <testcase name="test_add_new_player" time="1.14" classname="com.mycompany.testsnl.testing_SNLWebService_v2"/>
  <testcase name="test_delete_player" time="0.557" classname="com.mycompany.testsnl.testing_SNLWebService_v2"/>
  <testcase name="test_player_moves" time="0.313" classname="com.mycompany.testsnl.testing_SNLWebService_v2"/>
</testsuite> <!-- Command line test -->
