<?xml version="1.0" encoding="UTF-8" ?>
<testsuite tests="11" failures="1" name="web_service_test.assignment_snl_services.BoardTest" time="0.977" errors="0" skipped="0">
  <properties>
[...]
</properties>
  <testcase classname="web_service_test.assignment_snl_services.BoardTest" name="check_board_creation" time="0.137"/>
  <testcase classname="web_service_test.assignment_snl_services.BoardTest" name="player_add_check" time="0.272"/>
  <testcase classname="web_service_test.assignment_snl_services.BoardTest" name="board_details" time="0.062"/>
  <testcase classname="web_service_test.assignment_snl_services.BoardTest" name="board_invalid_details" time="0.032"/>
  <testcase classname="web_service_test.assignment_snl_services.BoardTest" name="check_inavlid_player_details" time="0.162"/>
  <testcase classname="web_service_test.assignment_snl_services.BoardTest" name="check_player_details" time="0.039"/>
  <testcase classname="web_service_test.assignment_snl_services.BoardTest" name="update_player" time="0.044"/>
  <testcase classname="web_service_test.assignment_snl_services.BoardTest" name="check_roll_dice" time="0.047">
    <failure message="Server returned HTTP response code: 401 for URL: http://10.0.1.86/snl/rest/v3/move/6255.json?player_id=1971?access_token=b22e567c31ff74f3aae43b1bd470cef580d3fcbde90588dda9d3dd2eddc0b0eb" type="java.io.IOException">java.io.IOException: Server returned HTTP response code: 401 for URL: http://10.0.1.86/snl/rest/v3/move/6255.json?player_id=1971?access_token=b22e567c31ff74f3aae43b1bd470cef580d3fcbde90588dda9d3dd2eddc0b0eb
	at sun.net.www.protocol.http.HttpURLConnection.getInputStream0(HttpURLConnection.java:1876)
	at sun.net.www.protocol.http.HttpURLConnection.getInputStream(HttpURLConnection.java:1474)
	at Main_methods_BoardTest.Back_Board_help.getJson(Back_Board_help.java:230)
	at web_service_test.assignment_snl_services.BoardTest.check_roll_dice(BoardTest.java:188)
</failure>
    <system-out>http://10.0.1.86/snl/rest/v3/move/6255.json?player_id=1971?access_token=b22e567c31ff74f3aae43b1bd470cef580d3fcbde90588dda9d3dd2eddc0b0eb
</system-out>
  </testcase>
  <testcase classname="web_service_test.assignment_snl_services.BoardTest" name="delete_player" time="0.06"/>
  <testcase classname="web_service_test.assignment_snl_services.BoardTest" name="add_player_while_game_is_on" time="0.05"/>
  <testcase classname="web_service_test.assignment_snl_services.BoardTest" name="deleteboard" time="0.072"/>
</testsuite>