<?xml version="1.0" encoding="UTF-8" ?>
<testsuite tests="8" failures="0" name="com.mycompany.testsnl.testing_SNLWebService_v3" time="5.79" errors="0" skipped="0">
  <properties>
[...]
</properties>
  <testcase classname="com.mycompany.testsnl.testing_SNLWebService_v3" name="test_List_Of_Boards" time="1.054"/>
  <testcase classname="com.mycompany.testsnl.testing_SNLWebService_v3" name="test_New_Board_Creation" time="0.094"/>
  <testcase classname="com.mycompany.testsnl.testing_SNLWebService_v3" name="test_Board_Is_Creating" time="0.14"/>
  <testcase classname="com.mycompany.testsnl.testing_SNLWebService_v3" name="test_Board_Is_Deleting" time="0.281"/>
  <testcase classname="com.mycompany.testsnl.testing_SNLWebService_v3" name="test_Board_Is_Resetting" time="0.204"/>
  <testcase classname="com.mycompany.testsnl.testing_SNLWebService_v3" name="test_add_new_player" time="0.531"/>
  <testcase classname="com.mycompany.testsnl.testing_SNLWebService_v3" name="test_delete_player" time="0.422"/>
  <testcase classname="com.mycompany.testsnl.testing_SNLWebService_v3" name="test_player_moves" time="0.328"/>
</testsuite>