<?xml version="1.0" encoding="UTF-8" ?>
<testsuite tests="11" failures="0" name="web_service_test.assignment_snl_services.BoardTest" time="2.855" errors="0" skipped="0">
  <properties>
[...]
</properties>
  <testcase classname="web_service_test.assignment_snl_services.BoardTest" name="check_board_creation" time="0.13"/>
  <testcase classname="web_service_test.assignment_snl_services.BoardTest" name="player_add_check" time="0.23"/>
  <testcase classname="web_service_test.assignment_snl_services.BoardTest" name="board_details" time="0.026"/>
  <testcase classname="web_service_test.assignment_snl_services.BoardTest" name="board_invalid_details" time="0.021"/>
  <testcase classname="web_service_test.assignment_snl_services.BoardTest" name="check_inavlid_player_details" time="0.161"/>
  <testcase classname="web_service_test.assignment_snl_services.BoardTest" name="check_player_details" time="0.044"/>
  <testcase classname="web_service_test.assignment_snl_services.BoardTest" name="update_player" time="0.037"/>
  <testcase classname="web_service_test.assignment_snl_services.BoardTest" name="check_roll_dice" time="2.03"/>
  <testcase classname="web_service_test.assignment_snl_services.BoardTest" name="delete_player" time="0.051"/>
  <testcase classname="web_service_test.assignment_snl_services.BoardTest" name="add_player_while_game_is_on" time="0.051"/>
  <testcase classname="web_service_test.assignment_snl_services.BoardTest" name="deleteboard" time="0.074"/>
</testsuite>